<?xml version="1.0" encoding="UTF-8"?>
<!-- Generated by org.testng.reporters.JUnitXMLReporter -->
<testsuite hostname="Rehan-PC" ignored="0" name="CoalDemo Test" tests="2" failures="1" timestamp="01 Apr 2019 10:02:53 GMT" time="23.211" errors="0">
  <testcase name="loginPageTitleTest" time="0.05" classname="com.qa.testcases.LoginPageTest">
    <failure type="java.lang.AssertionError" message="expected [online imported coal forward, spot e-auction kolkata, India] but found [Online imported coal forward, spot e-auction kolkata, India]">
      <![CDATA[java.lang.AssertionError: expected [online imported coal forward, spot e-auction kolkata, India] but found [Online imported coal forward, spot e-auction kolkata, India]at com.qa.testcases.LoginPageTest.loginPageTitleTest(LoginPageTest.java:39)... Removed 31 stack frames]]>
    </failure>
  </testcase> <!-- loginPageTitleTest -->
  <testcase name="loginTest" time="0.0" classname="com.qa.testcases.LoginPageTest">
    <skipped/>
  </testcase> <!-- loginTest -->
</testsuite> <!-- CoalDemo Test -->
